<?xml version="1.0" encoding="UTF-8"?>
<!-- Generated by org.testng.reporters.JUnitXMLReporter -->
<testsuite hostname="DESKTOP-77233KH" tests="4" failures="0" timestamp="20 Jan 2021 03:04:31 GMT" time="50.11" errors="0">
  <testcase name="Search_Selenium_WebDriver" time="7.499" classname="MunniWork"/>
  <testcase name="Search_Javascript_WebDriverIO" time="6.632" classname="MunniWork"/>
  <testcase name="Filter_By_US" time="15.954" classname="MunniWork"/>
  <testcase name="Filter_By_Days" time="8.536" classname="MunniWork"/>
</testsuite>
